  ModuleWindow.cpp
  ModuleTextures.cpp
  ModuleSceneIntro.cpp
c:\users\leix_\desktop\pinball\physics2_class4 - handout\modulesceneintro.cpp(384): warning C4244: 'argumento': conversión de 'int' a 'float'; posible pérdida de datos
c:\users\leix_\desktop\pinball\physics2_class4 - handout\modulesceneintro.cpp(386): warning C4244: 'argumento': conversión de 'int' a 'float'; posible pérdida de datos
c:\users\leix_\desktop\pinball\physics2_class4 - handout\modulesceneintro.cpp(388): warning C4244: 'argumento': conversión de 'float' a 'int'; posible pérdida de datos
c:\users\leix_\desktop\pinball\physics2_class4 - handout\modulesceneintro.cpp(391): warning C4244: 'argumento': conversión de 'float' a 'int'; posible pérdida de datos
c:\users\leix_\desktop\pinball\physics2_class4 - handout\modulesceneintro.cpp(399): warning C4101: 'y': variable local sin referencia
c:\users\leix_\desktop\pinball\physics2_class4 - handout\modulesceneintro.cpp(399): warning C4101: 'x': variable local sin referencia
c:\program files (x86)\microsoft visual studio\2017\enterprise\vc\tools\msvc\14.11.25503\include\limits(211): warning C4577: si se usa 'noexcept' sin ningún modo de control de excepciones especificado, la finalización de la excepción no está garantizada. Especifique /EHsc
  ModuleRender.cpp
  ModulePlayer.cpp
  ModulePhysics.cpp
c:\users\leix_\desktop\pinball\physics2_class4 - handout\modulephysics.cpp(122): warning C4244: '=': conversión de 'float' a 'int'; posible pérdida de datos
c:\users\leix_\desktop\pinball\physics2_class4 - handout\modulephysics.cpp(123): warning C4244: '=': conversión de 'float' a 'int'; posible pérdida de datos
c:\users\leix_\desktop\pinball\physics2_class4 - handout\modulephysics.cpp(167): warning C4018: '<': no coinciden signed/unsigned
c:\users\leix_\desktop\pinball\physics2_class4 - handout\modulephysics.cpp(351): warning C4244: 'inicializando': conversión de 'int' a 'float'; posible pérdida de datos
c:\users\leix_\desktop\pinball\physics2_class4 - handout\modulephysics.cpp(352): warning C4244: 'inicializando': conversión de 'int' a 'float'; posible pérdida de datos
c:\users\leix_\desktop\pinball\physics2_class4 - handout\modulephysics.cpp(358): warning C4244: 'return': conversión de 'float32' a 'int'; posible pérdida de datos
c:\program files (x86)\microsoft visual studio\2017\enterprise\vc\tools\msvc\14.11.25503\include\cmath(113): warning C4577: si se usa 'noexcept' sin ningún modo de control de excepciones especificado, la finalización de la excepción no está garantizada. Especifique /EHsc
  ModuleInput.cpp
  ModuleAudio.cpp
  Main.cpp
  log.cpp
  Application.cpp
c:\program files (x86)\microsoft visual studio\2017\enterprise\vc\tools\msvc\14.11.25503\include\limits(211): warning C4577: si se usa 'noexcept' sin ningún modo de control de excepciones especificado, la finalización de la excepción no está garantizada. Especifique /EHsc
  Generando código...
  LINK : no se encontró C:\Users\leix_\Desktop\Pinball\Physics2_class4 - handout\Debug\2D Physics - class 4.exe o no lo generó el último vínculo incremental; ejecutando vínculo completo
  SDL Game.vcxproj -> C:\Users\leix_\Desktop\Pinball\Physics2_class4 - handout\Debug\2D Physics - class 4.exe
